Arguments: 
  /Users/kuronomagi/.nodebrew/node/v8.1.3/bin/node /Users/kuronomagi/.nodebrew/current/bin/yarn install --save-dev

PATH: 
  /Users/kuronomagi/.nodebrew/current/bin:/Users/kuronomagi/.nodebrew/current/bin:/Users/kuronomagi/.nodebrew/current/bin:/Users/kuronomagi/.nodebrew/current/bin:/Users/kuronomagi/.nodebrew/current/bin:/Users/kuronomagi/.nodebrew/current/bin:/Users/kuronomagi/.nodebrew/current/bin:/Users/kuronomagi/.rbenv/shims:/Users/kuronomagi/.rbenv/bin:/Users/kuronomagi/.rbenv/shims:/Users/kuronomagi/.rbenv/shims:/Users/kuronomagi/.rbenv/bin:/usr/local/bin:/usr/local/bin:/usr/local/bin:/usr/local/bin:/usr/local/bin:/usr/local/bin:/usr/local/bin:/usr/local/bin:/usr/bin:/bin:/usr/sbin:/sbin

Yarn version: 
  1.2.1

Node version: 
  8.1.3

Platform: 
  darwin x64

npm manifest: 
  {
    "main": "node_modules/expo/AppEntry.js",
    "private": true,
    "dependencies": {
      "expo": "^25.0.0",
      "react": "16.2.0",
      "react-native": "https://github.com/expo/react-native/archive/sdk-25.0.0.tar.gz"
    },
    "devDependencies": {
      "babel-eslint": "^8.2.2",
      "eslint": "^4.19.1",
      "eslint-config-airbnb": "^16.1.0",
      "eslint-plugin-import": "^2.9.0",
      "eslint-plugin-jsx-a11y": "^6.0.3",
      "eslint-plugin-react": "^7.7.0"
    }
  }

yarn manifest: 
  No manifest

Lockfile: 
  No lockfile

Trace: 
  Error: connect EHOSTUNREACH 192.30.255.113:443 - Local (10.27.71.204:54178)
      at Object.exports._errnoException (util.js:1022:11)
      at exports._exceptionWithHostPort (util.js:1045:20)
      at internalConnect (net.js:934:16)
      at emitLookup (net.js:1070:7)
      at /Users/kuronomagi/.nodebrew/node/v8.1.3/lib/node_modules/yarn/lib/cli.js:94135:28
      at /Users/kuronomagi/.nodebrew/node/v8.1.3/lib/node_modules/yarn/lib/cli.js:94044:13
      at RawTask.module.exports.RawTask.call (/Users/kuronomagi/.nodebrew/node/v8.1.3/lib/node_modules/yarn/lib/cli.js:78616:19)
      at flush (/Users/kuronomagi/.nodebrew/node/v8.1.3/lib/node_modules/yarn/lib/cli.js:78698:29)
      at _combinedTickCallback (internal/process/next_tick.js:95:7)
      at process._tickCallback (internal/process/next_tick.js:161:9)
